[2026-05-21 13:23:21] [INFO] User logged in successfully | Context: {"user_id":1}
[2026-05-21 16:20:49] [INFO] User logged in successfully | Context: {"user_id":1}
[2026-05-22 11:17:13] [INFO] User registered successfully | Context: {"user_id":5}
[2026-06-10 09:24:19] [INFO] User logged in successfully | Context: {"user_id":1}
[2026-06-10 09:29:56] [INFO] User info updated successfully | Context: {"user_id":4}
[2026-06-10 09:30:21] [INFO] User info updated successfully | Context: {"user_id":4}
[2026-06-10 10:31:04] [INFO] Event created successfully | Context: {"event_id":14}
[2026-06-10 10:31:50] [INFO] Event approved successfully | Context: {"event_id":14}
[2026-06-10 10:35:25] [INFO] Event deleted by admin | Context: {"event_id":14}
[2026-06-10 10:37:34] [INFO] Event created successfully | Context: {"event_id":15}
[2026-06-10 10:37:34] [INFO] Event updated successfully | Context: {"event_id":15}
[2026-06-10 10:37:43] [INFO] Event approved successfully | Context: {"event_id":15}
[2026-06-10 10:42:45] [INFO] Reservation created successfully | Context: {"reservation_id":1,"user_id":5,"event_id":13,"quantity":1}
[2026-06-10 10:42:45] [INFO] Sending confirmation email | Context: {"to":"killian.godmont@gmail.com","event":"Festival de la Bi\u00e8re Tch\u00e8que"}
[2026-06-10 10:42:46] [INFO] Email envoyé avec succès | Context: {"to":"killian.godmont@gmail.com","subject":"\u2705 R\u00e9servation confirm\u00e9e : Festival de la Bi\u00e8re Tch\u00e8que","status":202}
[2026-06-11 08:22:51] [INFO] Reservation created successfully | Context: {"reservation_id":2,"user_id":5,"event_id":11,"quantity":1}
[2026-06-11 08:22:51] [INFO] Sending confirmation email | Context: {"to":"killian.godmont@gmail.com","event":"Renaissance Florentine"}
[2026-06-11 08:22:51] [INFO] Email envoyé avec succès | Context: {"to":"killian.godmont@gmail.com","subject":"\u2705 R\u00e9servation confirm\u00e9e : Renaissance Florentine","status":202}
[2026-06-11 08:45:15] [INFO] Reservation created successfully | Context: {"reservation_id":3,"user_id":5,"event_id":12,"quantity":1}
[2026-06-11 08:45:15] [INFO] Sending confirmation email | Context: {"to":"killian.godmont@gmail.com","event":"Carnaval de B\u00e2le"}
[2026-06-11 08:45:16] [INFO] Email envoyé avec succès | Context: {"to":"killian.godmont@gmail.com","subject":"\u2705 R\u00e9servation confirm\u00e9e : Carnaval de B\u00e2le","status":202}
[2026-06-11 08:45:46] [INFO] Email envoyé avec succès | Context: {"to":"admin@memoriaeventia.com","subject":"\ud83d\udd14 Nouvelle demande de modification d'\u00e9v\u00e9nement","status":202}
[2026-06-11 08:46:16] [INFO] Event approved successfully | Context: {"event_id":7}
